<?xml version="1.0" encoding="UTF-8"?>
<testsuite xmlns:xsi="http://www.w3.org/2001/XMLSchema-instance" xsi:noNamespaceSchemaLocation="https://maven.apache.org/surefire/maven-surefire-plugin/xsd/surefire-test-report-3.0.xsd" version="3.0" name="org.rashmi.service.BankServiceTest" time="0.046" tests="5" errors="0" skipped="0" failures="1">
  <properties>
[...]
</properties>
  <testcase name="testAddCustomer" classname="org.rashmi.service.BankServiceTest" time="0.014"/>
  <testcase name="testIsAccountExist" classname="org.rashmi.service.BankServiceTest" time="0"/>
  <testcase name="testAddBalanceForInValidUser" classname="org.rashmi.service.BankServiceTest" time="0.011">
    <failure type="org.opentest4j.AssertionFailedError"><![CDATA[org.opentest4j.AssertionFailedError: Expected java.lang.RuntimeException to be thrown, but nothing was thrown.
	at org.rashmi.service.BankServiceTest.testAddBalanceForInValidUser(BankServiceTest.java:83)
]]></failure>
  </testcase>
  <testcase name="testAddBalanceForValidUser" classname="org.rashmi.service.BankServiceTest" time="0.002"/>
  <testcase name="testGetSizeOfInstanceArrayList" classname="org.rashmi.service.BankServiceTest" time="0"/>
</testsuite>